build/app/outputs/mapping/release/seeds.txt
com.example.safio_demo.MainActivity
com.example.safio_demo.MainActivity: MainActivity()
...
io.flutter.view.AccessibilityViewEmbedder: boolean requestSendAccessibilityEvent(android.view.View,android.view.View,android.view.accessibility.AccessibilityEvent)
kotlinx.coroutines.LazyStandaloneCoroutine
kotlinx.coroutines.scheduling.CoroutineScheduler: long controlState
io.flutter.view.AccessibilityViewEmbedder: android.view.accessibility.AccessibilityNodeInfo getRootNode(android.view.View,int,android.graphics.Rect)
android.support.v4.media.MediaDescriptionCompat$Api21Impl: java.lang.CharSequence getTitle(android.media.MediaDescription)
androidx.fragment.app.FragmentContainerView: void setDrawDisappearingViewsLast(boolean)
kotlinx.coroutines.android.AndroidDispatcherFactory: kotlinx.coroutines.MainCoroutineDispatcher createDispatcher(java.util.List)
android.support.v4.media.MediaDescriptionCompat$Api21Impl: void setTitle(android.media.MediaDescription$Builder,java.lang.CharSequence)
android.support.v4.media.session.PlaybackStateCompat$Api21Impl: int getState(android.media.session.PlaybackState)
com.github.florent37.assets_audio_player.notification.NotificationService
androidx.versionedparcelable.CustomVersionedParcelable: CustomVersionedParcelable()
android.support.v4.media.MediaDescriptionCompat$Api21Impl: android.graphics.Bitmap getIconBitmap(android.media.MediaDescription)
com.github.florent37.assets_audio_player.playerimplem.PlayerImplemTesterExoPlayer$Type: com.github.florent37.assets_audio_player.playerimplem.PlayerImplemTesterExoPlayer$Type[] values()
io.flutter.plugins.GeneratedPluginRegistrant
androidx.recyclerview.widget.RecyclerView: int getMinFlingVelocity()
kotlinx.coroutines.scheduling.GlobalQueue
kotlinx.coroutines.JobSupport$addLastAtomic$$inlined$addLastIf$1
io.flutter.embedding.engine.FlutterJNI: void dispatchSemanticsAction(int,int,java.nio.ByteBuffer,int)
io.flutter.plugin.editing.ImeSyncDeferringInsetsCallback$AnimationCallback: ImeSyncDeferringInsetsCallback$AnimationCallback(io.flutter.plugin.editing.ImeSyncDeferringInsetsCallback)
io.flutter.plugin.platform.SingleViewPresentation: void onCreate(android.os.Bundle)
androidx.core.app.RemoteActionCompatParcelizer: void write(androidx.core.app.RemoteActionCompat,androidx.versionedparcelable.VersionedParcel)
android.support.v4.media.session.PlaybackStateCompat$Api22Impl: android.os.Bundle getExtras(android.media.session.PlaybackState)
androidx.media.app.NotificationCompat$Api21Impl: void setShowActionsInCompactView(android.app.Notification$MediaStyle,int[])
kotlin.coroutines.intrinsics.CoroutineSingletons: kotlin.coroutines.intrinsics.CoroutineSingletons valueOf(java.lang.String)
androidx.recyclerview.widget.GridLayoutManager
com.bumptech.glide.request.RequestCoordinator$RequestState: com.bumptech.glide.request.RequestCoordinator$RequestState[] values()
com.google.android.exoplayer2.ui.SubtitleView
android.support.v4.media.session.PlaybackStateCompat$Api22Impl: void setExtras(android.media.session.PlaybackState$Builder,android.os.Bundle)
io.flutter.embedding.engine.FlutterJNI: android.graphics.Bitmap nativeGetBitmap(long)
io.flutter.plugin.editing.ImeSyncDeferringInsetsCallback: android.view.WindowInsets access$400(io.flutter.plugin.editing.ImeSyncDeferringInsetsCallback)
io.flutter.view.AccessibilityBridge$Flag: io.flutter.view.AccessibilityBridge$Flag[] values()
androidx.core.graphics.drawable.IconCompatParcelizer: void write(androidx.core.graphics.drawable.IconCompat,androidx.versionedparcelable.VersionedParcel)
com.bumptech.glide.load.ImageHeaderParser$ImageType: boolean isWebp()
com.google.android.exoplayer2.ui.TrackSelectionView: boolean getIsDisabled()
com.bumptech.glide.load.DataSource: com.bumptech.glide.load.DataSource valueOf(java.lang.String)
com.google.android.exoplayer2.metadata.scte35.SpliceScheduleCommand: android.os.Parcelable$Creator CREATOR
androidx.media.session.MediaButtonReceiver: android.content.ComponentName getServiceComponentByAction(android.content.Context,java.lang.String)