build/app/outputs/mapping/release/mapping.txt
# compiler: R8
# compiler_version: 2.1.62
# min_api: 16
# pg_map_id: bdeed3c
# common_typos_disable
...
androidx.fragment.app.BackStackRecord -> androidx.fragment.app.a:
    androidx.fragment.app.FragmentManager mManager -> q
    boolean mCommitted -> r
    int mIndex -> s
    boolean generateOps(java.util.ArrayList,java.util.ArrayList) -> a
    int commitAllowingStateLoss() -> f
    void commitNowAllowingStateLoss() -> g
    void doAddOp(int,androidx.fragment.app.Fragment,java.lang.String,int) -> i
    androidx.fragment.app.FragmentTransaction remove(androidx.fragment.app.Fragment) -> j
    void bumpBackStackNesting(int) -> l
    int commitInternal(boolean) -> m
    void dump(java.lang.String,java.io.PrintWriter) -> n
    void dump(java.lang.String,java.io.PrintWriter,boolean) -> o
    void executeOps() -> p
    void executePopOps(boolean) -> q
    androidx.fragment.app.Fragment expandOps(java.util.ArrayList,androidx.fragment.app.Fragment) -> r
    java.lang.String getName() -> s
    boolean interactsWith(int) -> t
    boolean interactsWith(java.util.ArrayList,int,int) -> u
    boolean isFragmentPostponed(androidx.fragment.app.FragmentTransaction$Op) -> v
    boolean isPostponed() -> w
    void runOnCommitRunnables() -> x
    void setOnStartPostponedListener(androidx.fragment.app.Fragment$OnStartEnterTransitionListener) -> y
    androidx.fragment.app.Fragment trackAddedFragmentsInPop(java.util.ArrayList,androidx.fragment.app.Fragment) -> z
androidx.fragment.app.BackStackState -> androidx.fragment.app.b:
    int mBreadCrumbShortTitleRes -> n
    int mBreadCrumbTitleRes -> l
    java.lang.String mName -> j
    int mIndex -> k
    int mTransition -> i
    java.util.ArrayList mFragmentWhos -> f
    boolean mReorderingAllowed -> r
    int[] mOldMaxLifecycleStates -> g
    java.lang.CharSequence mBreadCrumbTitleText -> m
    int[] mCurrentMaxLifecycleStates -> h
    java.lang.CharSequence mBreadCrumbShortTitleText -> o
    int[] mOps -> e
    java.util.ArrayList mSharedElementTargetNames -> q
    java.util.ArrayList mSharedElementSourceNames -> p
    androidx.fragment.app.BackStackRecord instantiate(androidx.fragment.app.FragmentManager) -> d
androidx.fragment.app.BackStackState$1 -> androidx.fragment.app.b$a:
    androidx.fragment.app.BackStackState createFromParcel(android.os.Parcel) -> a
    androidx.fragment.app.BackStackState[] newArray(int) -> b
androidx.fragment.app.DefaultSpecialEffectsController -> androidx.fragment.app.c:
    void executeOperations(java.util.List,boolean) -> f
    void applyContainerChanges(androidx.fragment.app.SpecialEffectsController$Operation) -> s
    void captureTransitioningViews(java.util.ArrayList,android.view.View) -> t
    void findNamedViews(java.util.Map,android.view.View) -> u
    void retainMatchingViews(androidx.collection.ArrayMap,java.util.Collection) -> v
    void startAnimations(java.util.List,java.util.List,boolean,java.util.Map) -> w
    java.util.Map startTransitions(java.util.List,boolean,androidx.fragment.app.SpecialEffectsController$Operation,androidx.fragment.app.SpecialEffectsController$Operation) -> x
androidx.fragment.app.DefaultSpecialEffectsController$1 -> androidx.fragment.app.c$b:
    androidx.fragment.app.SpecialEffectsController$Operation val$operation -> f
    androidx.fragment.app.DefaultSpecialEffectsController this$0 -> g
    java.util.List val$awaitingContainerChanges -> e
androidx.fragment.app.DefaultSpecialEffectsController$10 -> androidx.fragment.app.c$a:
    int[] $SwitchMap$androidx$fragment$app$SpecialEffectsController$Operation$State -> a
androidx.fragment.app.DefaultSpecialEffectsController$2 -> androidx.fragment.app.c$c:
    androidx.fragment.app.SpecialEffectsController$Operation val$operation -> d
    android.view.ViewGroup val$container -> a
    androidx.fragment.app.DefaultSpecialEffectsController$AnimationInfo val$animationInfo -> e
    android.view.View val$viewToAnimate -> b
    boolean val$isHideOperation -> c