build/app/outputs/mapping/release/usage.txt
com.example.safio_demo.R
com.example.safio_demo.R$layout
com.example.safio_demo.R$id
com.example.safio_demo.R$dimen
com.example.safio_demo.R$color
com.example.safio_demo.R$anim
com.example.safio_demo.R$plurals
com.example.safio_demo.R$mipmap
com.example.safio_demo.R$font
com.example.safio_demo.BuildConfig
com.example.safio_demo.R$array
com.example.safio_demo.R$string
com.example.safio_demo.R$styleable
com.example.safio_demo.R$style
com.example.safio_demo.R$attr
com.example.safio_demo.R$drawable
com.example.safio_demo.R$animator
com.example.safio_demo.R$integer
...
com.google.common.collect.ImmutableRangeMap$1
kotlin.text.Charsets:
    public final java.nio.charset.Charset UTF32()
    public final java.nio.charset.Charset UTF32_LE()
    public final java.nio.charset.Charset UTF32_BE()
    private static java.nio.charset.Charset utf_32
    private static java.nio.charset.Charset utf_32le
    private static java.nio.charset.Charset utf_32be
com.google.common.primitives.UnsignedLongs
androidx.cursoradapter.widget.CursorFilter
com.google.common.collect.Ordering$ArbitraryOrderingHolder
com.google.common.math.LinearTransformation$VerticalLinearTransformation
com.google.common.collect.Multisets$1
com.google.common.util.concurrent.CycleDetectingLockFactory$Policies$2
com.google.android.exoplayer2.upstream.DataSpec$Flags
com.google.common.base.CaseFormat
com.google.common.collect.TreeBasedTable$2
kotlin.jvm.internal.MutablePropertyReference
androidx.viewpager.R$string
com.google.common.collect.MapMakerInternalMap$KeyIterator
androidx.core.app.ActivityRecreator
com.google.common.util.concurrent.ServiceManager$Listener
com.google.common.cache.CacheBuilderSpec$IntegerParser
com.google.android.exoplayer2.audio.AudioTimestampPoller:
    public boolean hasTimestamp()
    private static final int STATE_INITIALIZING
    private static final int STATE_TIMESTAMP
    private static final int STATE_TIMESTAMP_ADVANCING
    private static final int STATE_NO_TIMESTAMP
    private static final int STATE_ERROR
    private static final int FAST_POLL_INTERVAL_US
    private static final int SLOW_POLL_INTERVAL_US
    private static final int ERROR_POLL_INTERVAL_US
    private static final int INITIALIZING_DURATION_US
android.support.v4.media.session.MediaSessionCompat$MediaSessionImplApi29:
    void <init>(java.lang.Object)
kotlin.jvm.JvmRecord
androidx.slidingpanelayout.widget.SlidingPaneLayout$SavedState$1
androidx.annotation.IntegerRes
com.bumptech.glide.R$layout
androidx.recyclerview.widget.NestedAdapterWrapper
com.google.common.collect.ImmutableCollection:
    java.lang.Object writeReplace()
com.google.common.cache.LocalCache$EntryFactory$4
androidx.core.R
androidx.core.view.accessibility.AccessibilityNodeInfoCompat$CollectionItemInfoCompat:
    public static androidx.core.view.accessibility.AccessibilityNodeInfoCompat$CollectionItemInfoCompat obtain(int,int,int,int,boolean)
    public int getColumnIndex()
    public int getColumnSpan()
    public int getRowIndex()
    public int getRowSpan()
    public boolean isHeading()
    public boolean isSelected()
kotlin.reflect.KClass$DefaultImpls
com.google.common.util.concurrent.MoreExecutors$5$1
android.support.v4.media.session.MediaControllerCompat$PlaybackInfo:
    public int getPlaybackType()
    public int getAudioStream()
    public androidx.media.AudioAttributesCompat getAudioAttributes()
    public int getVolumeControl()
    public int getMaxVolume()
    public int getCurrentVolume()
    public static final int PLAYBACK_TYPE_LOCAL
    public static final int PLAYBACK_TYPE_REMOTE
com.google.android.exoplayer2.R$id
io.flutter.plugin.common.StandardMessageCodec:
    private static final java.lang.String TAG
    private static final byte NULL
    private static final byte TRUE
    private static final byte FALSE
    private static final byte INT
    private static final byte LONG
    private static final byte BIGINT
    private static final byte DOUBLE
    private static final byte STRING
    private static final byte BYTE_ARRAY
    private static final byte INT_ARRAY
    private static final byte LONG_ARRAY
    private static final byte DOUBLE_ARRAY
    private static final byte LIST
    private static final byte MAP
    private static final byte FLOAT_ARRAY
kotlin.experimental.ExperimentalTypeInference
com.google.common.util.concurrent.AbstractService$IsStoppableGuard